Copyright 1986-2017 Xilinx, Inc. All Rights Reserved.
--------------------------------------------------------------------------------------------------------------------------------------------------------------------------------------
| Tool Version : Vivado v.2017.4 (lin64) Build 2086221 Fri Dec 15 20:54:30 MST 2017
| Date         : Sun Oct  7 18:33:56 2018
| Host         : khushal-MS-7B48 running 64-bit Ubuntu 16.04.4 LTS
| Command      : report_methodology -file design_1_wrapper_methodology_drc_routed.rpt -pb design_1_wrapper_methodology_drc_routed.pb -rpx design_1_wrapper_methodology_drc_routed.rpx
| Design       : design_1_wrapper
| Device       : xc7z020clg484-1
| Speed File   : -1
| Design State : Routed
--------------------------------------------------------------------------------------------------------------------------------------------------------------------------------------

Report Methodology

Table of Contents
-----------------
1. REPORT SUMMARY
2. REPORT DETAILS

1. REPORT SUMMARY
-----------------
            Netlist: netlist
          Floorplan: design_1
      Design limits: <entire design considered>
             Max violations: <unlimited>
             Violations found: 8
+----------+----------+-------------------------------------------------+------------+
| Rule     | Severity | Description                                     | Violations |
+----------+----------+-------------------------------------------------+------------+
| PDRC-190 | Warning  | Suboptimally placed synchronized register chain | 8          |
+----------+----------+-------------------------------------------------+------------+

2. REPORT DETAILS
-----------------
PDRC-190#1 Warning
Suboptimally placed synchronized register chain  
The FDRE cell design_1_i/axis_data_fifo_0/inst/gen_fifo_generator.fifo_generator_inst/inst_fifo_gen/gaxis_fifo.gaxisf.axisf/grf.rf/rstblk/grstd1.grst_full.grst_f.rst_d2_reg in site SLICE_X51Y74 is part of a synchronized register chain that is suboptimally placed as the load FDSE cell design_1_i/axis_data_fifo_0/inst/gen_fifo_generator.fifo_generator_inst/inst_fifo_gen/gaxis_fifo.gaxisf.axisf/grf.rf/rstblk/grstd1.grst_full.grst_f.rst_d3_reg is not placed in the same (SLICE) site.
Related violations: <none>

PDRC-190#2 Warning
Suboptimally placed synchronized register chain  
The FDRE cell design_1_i/axis_data_fifo_1/inst/gen_fifo_generator.fifo_generator_inst/inst_fifo_gen/gaxis_fifo.gaxisf.axisf/grf.rf/rstblk/grstd1.grst_full.grst_f.rst_d2_reg in site SLICE_X28Y33 is part of a synchronized register chain that is suboptimally placed as the load FDSE cell design_1_i/axis_data_fifo_1/inst/gen_fifo_generator.fifo_generator_inst/inst_fifo_gen/gaxis_fifo.gaxisf.axisf/grf.rf/rstblk/grstd1.grst_full.grst_f.rst_d3_reg is not placed in the same (SLICE) site.
Related violations: <none>

PDRC-190#3 Warning
Suboptimally placed synchronized register chain  
The FDRE cell design_1_i/axis_data_fifo_2/inst/gen_fifo_generator.fifo_generator_inst/inst_fifo_gen/gaxis_fifo.gaxisf.axisf/grf.rf/rstblk/grstd1.grst_full.grst_f.rst_d2_reg in site SLICE_X88Y74 is part of a synchronized register chain that is suboptimally placed as the load FDSE cell design_1_i/axis_data_fifo_2/inst/gen_fifo_generator.fifo_generator_inst/inst_fifo_gen/gaxis_fifo.gaxisf.axisf/grf.rf/rstblk/grstd1.grst_full.grst_f.rst_d3_reg is not placed in the same (SLICE) site.
Related violations: <none>

PDRC-190#4 Warning
Suboptimally placed synchronized register chain  
The FDRE cell design_1_i/axis_data_fifo_3/inst/gen_fifo_generator.fifo_generator_inst/inst_fifo_gen/gaxis_fifo.gaxisf.axisf/grf.rf/rstblk/grstd1.grst_full.grst_f.rst_d2_reg in site SLICE_X50Y38 is part of a synchronized register chain that is suboptimally placed as the load FDSE cell design_1_i/axis_data_fifo_3/inst/gen_fifo_generator.fifo_generator_inst/inst_fifo_gen/gaxis_fifo.gaxisf.axisf/grf.rf/rstblk/grstd1.grst_full.grst_f.rst_d3_reg is not placed in the same (SLICE) site.
Related violations: <none>

PDRC-190#5 Warning
Suboptimally placed synchronized register chain  
The FDRE cell design_1_i/axis_data_fifo_4/inst/gen_fifo_generator.fifo_generator_inst/inst_fifo_gen/gaxis_fifo.gaxisf.axisf/grf.rf/rstblk/grstd1.grst_full.grst_f.rst_d2_reg in site SLICE_X111Y75 is part of a synchronized register chain that is suboptimally placed as the load FDSE cell design_1_i/axis_data_fifo_4/inst/gen_fifo_generator.fifo_generator_inst/inst_fifo_gen/gaxis_fifo.gaxisf.axisf/grf.rf/rstblk/grstd1.grst_full.grst_f.rst_d3_reg is not placed in the same (SLICE) site.
Related violations: <none>

PDRC-190#6 Warning
Suboptimally placed synchronized register chain  
The FDRE cell design_1_i/axis_data_fifo_5/inst/gen_fifo_generator.fifo_generator_inst/inst_fifo_gen/gaxis_fifo.gaxisf.axisf/grf.rf/rstblk/grstd1.grst_full.grst_f.rst_d2_reg in site SLICE_X86Y33 is part of a synchronized register chain that is suboptimally placed as the load FDSE cell design_1_i/axis_data_fifo_5/inst/gen_fifo_generator.fifo_generator_inst/inst_fifo_gen/gaxis_fifo.gaxisf.axisf/grf.rf/rstblk/grstd1.grst_full.grst_f.rst_d3_reg is not placed in the same (SLICE) site.
Related violations: <none>

PDRC-190#7 Warning
Suboptimally placed synchronized register chain  
The FDRE cell design_1_i/axis_data_fifo_6/inst/gen_fifo_generator.fifo_generator_inst/inst_fifo_gen/gaxis_fifo.gaxisf.axisf/grf.rf/rstblk/grstd1.grst_full.grst_f.rst_d2_reg in site SLICE_X67Y51 is part of a synchronized register chain that is suboptimally placed as the load FDSE cell design_1_i/axis_data_fifo_6/inst/gen_fifo_generator.fifo_generator_inst/inst_fifo_gen/gaxis_fifo.gaxisf.axisf/grf.rf/rstblk/grstd1.grst_full.grst_f.rst_d3_reg is not placed in the same (SLICE) site.
Related violations: <none>

PDRC-190#8 Warning
Suboptimally placed synchronized register chain  
The FDRE cell design_1_i/axis_data_fifo_7/inst/gen_fifo_generator.fifo_generator_inst/inst_fifo_gen/gaxis_fifo.gaxisf.axisf/grf.rf/rstblk/grstd1.grst_full.grst_f.rst_d2_reg in site SLICE_X37Y55 is part of a synchronized register chain that is suboptimally placed as the load FDSE cell design_1_i/axis_data_fifo_7/inst/gen_fifo_generator.fifo_generator_inst/inst_fifo_gen/gaxis_fifo.gaxisf.axisf/grf.rf/rstblk/grstd1.grst_full.grst_f.rst_d3_reg is not placed in the same (SLICE) site.
Related violations: <none>


